Using pre-set license
Built from '2020.3/staging' branch; Version is '2020.3.22f1 (e1a7f79fd887) revision 14788599'; Using compiler version '192528614'; Build Type 'Release'
OS: 'Windows 10 Home Single Language; OS build 19041.1348; Version 2004; 64bit' Language: 'es' Physical Memory: 8090 MB
BatchMode: 1, IsHumanControllingUs: 0, StartBugReporterOnCrash: 0, Is64bit: 1, IsPro: 0

COMMAND LINE ARGUMENTS:
C:\Program Files\Unity\Hub\Editor\2020.3.22f1\Editor\Unity.exe
-adb2
-batchMode
-noUpm
-name
AssetImportWorker0
-projectPath
C:/Users/Montse Morales/Documents/Noveno/Simulacion por Computadora/Cardboard
-logFile
Logs/AssetImportWorker0.log
-srvPort
62503
Successfully changed project path to: C:/Users/Montse Morales/Documents/Noveno/Simulacion por Computadora/Cardboard
C:/Users/Montse Morales/Documents/Noveno/Simulacion por Computadora/Cardboard
Using Asset Import Pipeline V2.
