Using pre-set license
Built from '2020.3/staging' branch; Version is '2020.3.22f1 (e1a7f79fd887) revision 14788599'; Using compiler version '192528614'; Build Type 'Release'
OS: 'Windows 10 Home Single Language; OS build 19043.1348; Version 2009; 64bit' Language: 'es' Physical Memory: 7130 MB
BatchMode: 1, IsHumanControllingUs: 0, StartBugReporterOnCrash: 0, Is64bit: 1, IsPro: 0

COMMAND LINE ARGUMENTS:
C:\Program Files\Unity\Hub\Editor\2020.3.22f1\Editor\Unity.exe
-adb2
-batchMode
-noUpm
-name
AssetImportWorker0
-projectPath
C:/Users/Javier/Documents/Unity/Cardboard
-logFile
Logs/AssetImportWorker0.log
-srvPort
16074
Successfully changed project path to: C:/Users/Javier/Documents/Unity/Cardboard
C:/Users/Javier/Documents/Unity/Cardboard
Using Asset Import Pipeline V2.
Refreshing native plugins compatible for Editor in 230.01 ms, found 2 plugins.
Preloading 0 native plugins for Editor in 0.00 ms.
Initialize engine version: 2020.3.22f1 (e1a7f79fd887)
[Subsystems] Discovering subsystems at path C:/Program Files/Unity/Hub/Editor/2020.3.22f1/Editor/Data/Resources/UnitySubsystems
[Subsystems] Discovering subsystems at path C:/Users/Javier/Documents/Unity/Cardboard/Assets
GfxDevice: creating device client; threaded=0
Direct3D:
    Version:  Direct3D 11.0 [level 11.1]
    Renderer: AMD Radeon(TM) R5 Graphics (ID=0x9851)
    Vendor:   
    VRAM:     3565 MB
    Driver:   27.20.12033.2007
Initialize mono
Mono path[0] = 'C:/Program Files/Unity/Hub/Editor/2020.3.22f1/Editor/Data/Managed'
Mono path[1] = 'C:/Program Files/Unity/Hub/Editor/2020.3.22f1/Editor/Data/MonoBleedingEdge/lib/mono/unityjit'
Mono config path = 'C:/Program Files/Unity/Hub/Editor/2020.3.22f1/Editor/Data/MonoBleedingEdge/etc'
Using monoOptions --debugger-agent=transport=dt_socket,embedding=1,server=y,suspend=n,address=127.0.0.1:56376
Begin MonoManager ReloadAssembly
Registering precompiled unity dll's ...
Register platform support module: C:/Program Files/Unity/Hub/Editor/2020.3.22f1/Editor/Data/PlaybackEngines/WebGLSupport/UnityEditor.WebGL.Extensions.dll
Register platform support module: C:/Program Files/Unity/Hub/Editor/2020.3.22f1/Editor/Data/PlaybackEngines/WindowsStandaloneSupport/UnityEditor.WindowsStandalone.Extensions.dll
Registered in 0.009101 seconds.
Native extension for WindowsStandalone target not found
Native extension for WebGL target not found
Refreshing native plugins compatible for Editor in 134.77 ms, found 2 plugins.
Preloading 0 native plugins for Editor in 0.00 ms.
Mono: successfully reloaded assembly
- Completed reload, in  8.297 seconds
Domain Reload Profiling:
	ReloadAssembly (8298ms)
		BeginReloadAssembly (221ms)
			ExecutionOrderSort (0ms)
			DisableScriptedObjects (0ms)
			BackupInstance (0ms)
			ReleaseScriptingObjects (0ms)
			CreateAndSetChildDomain (2ms)
		EndReloadAssembly (1896ms)
			LoadAssemblies (210ms)
			RebuildTransferFunctionScriptingTraits (0ms)
			SetupTypeCache (658ms)
			ReleaseScriptCaches (0ms)
			RebuildScriptCaches (150ms)
			SetupLoadedEditorAssemblies (654ms)
				LogAssemblyErrors (0ms)
				InitializePlatformSupportModulesInManaged (17ms)
				SetLoadedEditorAssemblies (1ms)
				RefreshPlugins (135ms)
				BeforeProcessingInitializeOnLoad (66ms)
				ProcessInitializeOnLoadAttributes (319ms)
				ProcessInitializeOnLoadMethodAttributes (115ms)
				AfterProcessingInitializeOnLoad (0ms)
				EditorAssembliesLoaded (1ms)
			ExecutionOrderSort2 (0ms)
			AwakeInstancesAfterBackupRestoration (0ms)
Platform modules already initialized, skipping
Registering precompiled user dll's ...
Registered in 0.018283 seconds.
Begin MonoManager ReloadAssembly
Native extension for WindowsStandalone target not found
Native extension for WebGL target not found
Refreshing native plugins compatible for Editor in 1.41 ms, found 2 plugins.
Preloading 0 native plugins for Editor in 0.00 ms.
Mono: successfully reloaded assembly
- Completed reload, in  4.512 seconds
Domain Reload Profiling:
	ReloadAssembly (4515ms)
		BeginReloadAssembly (573ms)
			ExecutionOrderSort (0ms)
			DisableScriptedObjects (19ms)
			BackupInstance (0ms)
			ReleaseScriptingObjects (0ms)
			CreateAndSetChildDomain (66ms)
		EndReloadAssembly (3657ms)
			LoadAssemblies (477ms)
			RebuildTransferFunctionScriptingTraits (0ms)
			SetupTypeCache (1276ms)
			ReleaseScriptCaches (1ms)
			RebuildScriptCaches (162ms)
			SetupLoadedEditorAssemblies (1304ms)
				LogAssemblyErrors (0ms)
				InitializePlatformSupportModulesInManaged (19ms)
				SetLoadedEditorAssemblies (1ms)
				RefreshPlugins (2ms)
				BeforeProcessingInitializeOnLoad (343ms)
				ProcessInitializeOnLoadAttributes (888ms)
				ProcessInitializeOnLoadMethodAttributes (27ms)
				AfterProcessingInitializeOnLoad (24ms)
				EditorAssembliesLoaded (1ms)
			ExecutionOrderSort2 (0ms)
			AwakeInstancesAfterBackupRestoration (21ms)
Platform modules already initialized, skipping
========================================================================
Worker process is ready to serve import requests
Launched and connected shader compiler UnityShaderCompiler.exe after 0.68 seconds
Refreshing native plugins compatible for Editor in 1.30 ms, found 2 plugins.
Preloading 0 native plugins for Editor in 0.00 ms.
Unloading 1578 Unused Serialized files (Serialized files now loaded: 0)
System memory in use before: 71.2 MB.
System memory in use after: 71.2 MB.

Unloading 20 unused Assets to reduce memory usage. Loaded Objects now: 2011.
Total: 11.672000 ms (FindLiveObjects: 0.758300 ms CreateObjectMapping: 0.165300 ms MarkObjects: 10.510000 ms  DeleteObjects: 0.232400 ms)

AssetImportParameters requested are different than current active one (requested -> active):
  custom:framework-win-MediaFoundation: 216162199b28c13a410421893ffa2e32 -> 
  custom:video-decoder-ogg-theora: a1e56fd34408186e4bbccfd4996cb3dc -> 
  custom:container-muxer-webm: aa71ff27fc2769a1b78a27578f13a17b -> 
  custom:container-demuxer-webm: 4f35f7cbe854078d1ac9338744f61a02 -> 
  custom:container-demuxer-ogg: 62fdf1f143b41e24485cea50d1cbac27 -> 
  custom:video-encoder-webm-vp8: eb34c28f22e8b96e1ab97ce403110664 -> 
  custom:video-decoder-webm-vp8: 9c59270c3fd7afecdb556c50c9e8de78 -> 
  custom:audio-decoder-ogg-vorbis: bf7c407c2cedff20999df2af8eb42d56 -> 
  custom:audio-encoder-webm-vorbis: bf7c407c2cedff20999df2af8eb42d56 -> 
========================================================================
Received Import Request.
  path: Assets/Samples/Google Cardboard XR Plugin for Unity/1.9.0/Hello Cardboard/Models/Materials/IcosahedronPink.mat
  artifactKey: Guid(e569b4a1fb5d044619efe1abc174c85f) Importer(815301076,1909f56bfc062723c751e8b465ee728b)
Start importing Assets/Samples/Google Cardboard XR Plugin for Unity/1.9.0/Hello Cardboard/Models/Materials/IcosahedronPink.mat using Guid(e569b4a1fb5d044619efe1abc174c85f) Importer(815301076,1909f56bfc062723c751e8b465ee728b)  -> (artifact id: 'da3a837a0d0ea1ea0a441236b38be304') in 1.892735 seconds 
  Import took 1.945644 seconds .

========================================================================
Received Import Request.
  Time since last request: 0.099208 seconds.
  path: Assets/Plugins/Android/AndroidManifest.xml
  artifactKey: Guid(b98bbb43ca645ac45a67ea45714562ab) Importer(815301076,1909f56bfc062723c751e8b465ee728b)
Start importing Assets/Plugins/Android/AndroidManifest.xml using Guid(b98bbb43ca645ac45a67ea45714562ab) Importer(815301076,1909f56bfc062723c751e8b465ee728b)  -> (artifact id: '0facf21d3ed61ace51247e0b3386dee4') in 0.137433 seconds 
  Import took 0.170201 seconds .

========================================================================
Received Import Request.
  Time since last request: 0.037368 seconds.
  path: Assets/Samples/Google Cardboard XR Plugin for Unity
  artifactKey: Guid(a591e0f131f18874a9a8cdf96f6b64fe) Importer(815301076,1909f56bfc062723c751e8b465ee728b)
Start importing Assets/Samples/Google Cardboard XR Plugin for Unity using Guid(a591e0f131f18874a9a8cdf96f6b64fe) Importer(815301076,1909f56bfc062723c751e8b465ee728b)  -> (artifact id: '28cacc7169ce47c9d87426b53d257d9a') in 0.036272 seconds 
  Import took 0.060912 seconds .

========================================================================
Received Import Request.
  Time since last request: 0.031216 seconds.
  path: Assets/Samples/Google Cardboard XR Plugin for Unity/1.9.0/Hello Cardboard/Models/Materials/IcosahedronBlue.mat
  artifactKey: Guid(d273276aed64642deac3f52504ab44eb) Importer(815301076,1909f56bfc062723c751e8b465ee728b)
Start importing Assets/Samples/Google Cardboard XR Plugin for Unity/1.9.0/Hello Cardboard/Models/Materials/IcosahedronBlue.mat using Guid(d273276aed64642deac3f52504ab44eb) Importer(815301076,1909f56bfc062723c751e8b465ee728b)  -> (artifact id: '9172746fcd2312fdc17c857bbb3bd5d2') in 0.085354 seconds 
  Import took 0.110008 seconds .

========================================================================
Received Import Request.
  Time since last request: 0.103198 seconds.
  path: Assets/Samples/Google Cardboard XR Plugin for Unity/1.9.0/Hello Cardboard/Scripts
  artifactKey: Guid(100b6e7cd642840158178c0b6bfa29d1) Importer(815301076,1909f56bfc062723c751e8b465ee728b)
Start importing Assets/Samples/Google Cardboard XR Plugin for Unity/1.9.0/Hello Cardboard/Scripts using Guid(100b6e7cd642840158178c0b6bfa29d1) Importer(815301076,1909f56bfc062723c751e8b465ee728b)  -> (artifact id: '17815aab4f69f4d6761ba4d2a6599ff2') in 0.026847 seconds 
  Import took 0.066009 seconds .

========================================================================
Received Import Request.
  Time since last request: 0.038922 seconds.
  path: Assets/Samples/Google Cardboard XR Plugin for Unity/1.9.0/Hello Cardboard/Models/Materials/TriSphereBlue.mat
  artifactKey: Guid(b5f3136c0efcb40b18050a014202c92c) Importer(815301076,1909f56bfc062723c751e8b465ee728b)
Start importing Assets/Samples/Google Cardboard XR Plugin for Unity/1.9.0/Hello Cardboard/Models/Materials/TriSphereBlue.mat using Guid(b5f3136c0efcb40b18050a014202c92c) Importer(815301076,1909f56bfc062723c751e8b465ee728b)  -> (artifact id: '7ae1f27206e920d3ae2d711f1279c59f') in 0.090032 seconds 
  Import took 0.160886 seconds .

========================================================================
Received Import Request.
  Time since last request: 0.057384 seconds.
  path: Assets/Samples/Google Cardboard XR Plugin for Unity/1.9.0/Hello Cardboard/Models/Materials
  artifactKey: Guid(c005ef73dcba345e8aa4e53a907eaab5) Importer(815301076,1909f56bfc062723c751e8b465ee728b)
Start importing Assets/Samples/Google Cardboard XR Plugin for Unity/1.9.0/Hello Cardboard/Models/Materials using Guid(c005ef73dcba345e8aa4e53a907eaab5) Importer(815301076,1909f56bfc062723c751e8b465ee728b)  -> (artifact id: 'e7a3ca2693a78e72a63887ef7a06870a') in 0.033996 seconds 
  Import took 0.065214 seconds .

========================================================================
Received Import Request.
  Time since last request: 0.019273 seconds.
  path: Assets/XR/Settings
  artifactKey: Guid(4fa6339423545cc46a422da5812b50aa) Importer(815301076,1909f56bfc062723c751e8b465ee728b)
Start importing Assets/XR/Settings using Guid(4fa6339423545cc46a422da5812b50aa) Importer(815301076,1909f56bfc062723c751e8b465ee728b)  -> (artifact id: 'b2d81cf4aef00fc312f6a6d64a00af51') in 0.053324 seconds 
  Import took 0.066839 seconds .

========================================================================
Received Import Request.
  Time since last request: 0.030189 seconds.
  path: Assets/Scenes/SampleScene.unity
  artifactKey: Guid(9fc0d4010bbf28b4594072e72b8655ab) Importer(815301076,1909f56bfc062723c751e8b465ee728b)
Start importing Assets/Scenes/SampleScene.unity using Guid(9fc0d4010bbf28b4594072e72b8655ab) Importer(815301076,1909f56bfc062723c751e8b465ee728b)  -> (artifact id: '85059f4f9e1a832ed95adaa0d25c5c4c') in 0.038973 seconds 
  Import took 0.099376 seconds .

========================================================================
Received Import Request.
  Time since last request: 0.020036 seconds.
  path: Assets/Samples/Google Cardboard XR Plugin for Unity/1.9.0
  artifactKey: Guid(338015f6b46a77d458a21b824478f6c5) Importer(815301076,1909f56bfc062723c751e8b465ee728b)
Start importing Assets/Samples/Google Cardboard XR Plugin for Unity/1.9.0 using Guid(338015f6b46a77d458a21b824478f6c5) Importer(815301076,1909f56bfc062723c751e8b465ee728b)  -> (artifact id: '3ed3e8bc851963fa1d6a4acae6e41019') in 0.031887 seconds 
  Import took 0.072905 seconds .

========================================================================
Received Import Request.
  Time since last request: 0.053630 seconds.
  path: Assets/Samples/Google Cardboard XR Plugin for Unity/1.9.0/Hello Cardboard/Scenes/VrMode.unity
  artifactKey: Guid(4812ec05e87b8414abcdfe0d625c0e60) Importer(815301076,1909f56bfc062723c751e8b465ee728b)
Start importing Assets/Samples/Google Cardboard XR Plugin for Unity/1.9.0/Hello Cardboard/Scenes/VrMode.unity using Guid(4812ec05e87b8414abcdfe0d625c0e60) Importer(815301076,1909f56bfc062723c751e8b465ee728b)  -> (artifact id: 'e6d0b985cd72908e8614363b4d56b59a') in 0.030222 seconds 
  Import took 0.073041 seconds .

========================================================================
Received Import Request.
  Time since last request: 0.071414 seconds.
  path: Assets/Samples/Google Cardboard XR Plugin for Unity/1.9.0/Hello Cardboard/Textures
  artifactKey: Guid(e360c35f5834342bd8dbf7077a361cac) Importer(815301076,1909f56bfc062723c751e8b465ee728b)
Start importing Assets/Samples/Google Cardboard XR Plugin for Unity/1.9.0/Hello Cardboard/Textures using Guid(e360c35f5834342bd8dbf7077a361cac) Importer(815301076,1909f56bfc062723c751e8b465ee728b)  -> (artifact id: '78c45d3f62b5f5445e8ce38b78fa4ef0') in 0.034112 seconds 
  Import took 0.067734 seconds .

========================================================================
Received Import Request.
  Time since last request: 0.117090 seconds.
  path: Assets/Samples/Google Cardboard XR Plugin for Unity/1.9.0/Hello Cardboard/Textures/QuadSphere_Pink_BakedDiffuse.png
  artifactKey: Guid(c50d4290154a549c28cd80199471f9ea) Importer(815301076,1909f56bfc062723c751e8b465ee728b)
Start importing Assets/Samples/Google Cardboard XR Plugin for Unity/1.9.0/Hello Cardboard/Textures/QuadSphere_Pink_BakedDiffuse.png using Guid(c50d4290154a549c28cd80199471f9ea) Importer(815301076,1909f56bfc062723c751e8b465ee728b)  -> (artifact id: 'c6edaa64f337990f752ee57737598df7') in 0.700256 seconds 
  Import took 0.736055 seconds .

========================================================================
Received Import Request.
  Time since last request: 0.072095 seconds.
  path: Assets/Samples/Google Cardboard XR Plugin for Unity/1.9.0/Hello Cardboard/Textures/Icosahedron_Pink_BakedDiffuse.png
  artifactKey: Guid(156c229a982b84470938f1e4aa02ab43) Importer(815301076,1909f56bfc062723c751e8b465ee728b)
Start importing Assets/Samples/Google Cardboard XR Plugin for Unity/1.9.0/Hello Cardboard/Textures/Icosahedron_Pink_BakedDiffuse.png using Guid(156c229a982b84470938f1e4aa02ab43) Importer(815301076,1909f56bfc062723c751e8b465ee728b)  -> (artifact id: '5cd230709ce3cbaec379cca8339b0d64') in 0.090351 seconds 
  Import took 0.128953 seconds .

========================================================================
Received Import Request.
  Time since last request: 0.076187 seconds.
  path: Assets/Samples/Google Cardboard XR Plugin for Unity/1.9.0/Hello Cardboard/Models/Materials/QuadSphereBlue.mat
  artifactKey: Guid(026c99290ad2d42e98195d21d1c5a21d) Importer(815301076,1909f56bfc062723c751e8b465ee728b)
Start importing Assets/Samples/Google Cardboard XR Plugin for Unity/1.9.0/Hello Cardboard/Models/Materials/QuadSphereBlue.mat using Guid(026c99290ad2d42e98195d21d1c5a21d) Importer(815301076,1909f56bfc062723c751e8b465ee728b)  -> (artifact id: '470954900f87f83c95c8855012a05ee8') in 0.086248 seconds 
  Import took 0.116020 seconds .

========================================================================
Received Import Request.
  Time since last request: 0.072447 seconds.
  path: Assets/XR
  artifactKey: Guid(af588e6468decbe4dba651eb54fcf456) Importer(815301076,1909f56bfc062723c751e8b465ee728b)
Start importing Assets/XR using Guid(af588e6468decbe4dba651eb54fcf456) Importer(815301076,1909f56bfc062723c751e8b465ee728b)  -> (artifact id: '289b5d96072300397a69e5e37bd84860') in 0.039545 seconds 
  Import took 0.049066 seconds .

========================================================================
Received Import Request.
  Time since last request: 0.101677 seconds.
  path: Assets/Samples/Google Cardboard XR Plugin for Unity/1.9.0/Hello Cardboard/Environments/CubeRoom_BakedDiffuse.png
  artifactKey: Guid(755e0735b3a114799929024204091aba) Importer(815301076,1909f56bfc062723c751e8b465ee728b)
Start importing Assets/Samples/Google Cardboard XR Plugin for Unity/1.9.0/Hello Cardboard/Environments/CubeRoom_BakedDiffuse.png using Guid(755e0735b3a114799929024204091aba) Importer(815301076,1909f56bfc062723c751e8b465ee728b)  -> (artifact id: '5593dde864f2f5e4ee2557275d47d5f4') in 0.180600 seconds 
  Import took 0.188801 seconds .

========================================================================
Received Import Request.
  Time since last request: 0.138413 seconds.
  path: Assets/Samples/Google Cardboard XR Plugin for Unity/1.9.0/Hello Cardboard/Models/QuadSphere.obj
  artifactKey: Guid(b72f909583e324e448ea939d5cd2745f) Importer(815301076,1909f56bfc062723c751e8b465ee728b)
Start importing Assets/Samples/Google Cardboard XR Plugin for Unity/1.9.0/Hello Cardboard/Models/QuadSphere.obj using Guid(b72f909583e324e448ea939d5cd2745f) Importer(815301076,1909f56bfc062723c751e8b465ee728b)  -> (artifact id: 'ba347b62f4d2d71297ae3e22e2c953f6') in 2.390965 seconds 
  Import took 2.515243 seconds .

========================================================================
Received Import Request.
  Time since last request: 0.049949 seconds.
  path: Assets/Samples/Google Cardboard XR Plugin for Unity/1.9.0/Hello Cardboard/Scripts/CardboardStartup.cs
  artifactKey: Guid(dd68f027e715c44aa8d097000d4cccfb) Importer(815301076,1909f56bfc062723c751e8b465ee728b)
Start importing Assets/Samples/Google Cardboard XR Plugin for Unity/1.9.0/Hello Cardboard/Scripts/CardboardStartup.cs using Guid(dd68f027e715c44aa8d097000d4cccfb) Importer(815301076,1909f56bfc062723c751e8b465ee728b)  -> (artifact id: '0c73bd0070a2b20380d13a0b983d1ee6') in 0.276021 seconds 
  Import took 0.318806 seconds .

========================================================================
Received Import Request.
  Time since last request: 0.065426 seconds.
  path: Assets/Samples/Google Cardboard XR Plugin for Unity/1.9.0/Hello Cardboard/Scripts/CameraPointer.cs
  artifactKey: Guid(aebfb4b86b2e54606894da54f755db2d) Importer(815301076,1909f56bfc062723c751e8b465ee728b)
Start importing Assets/Samples/Google Cardboard XR Plugin for Unity/1.9.0/Hello Cardboard/Scripts/CameraPointer.cs using Guid(aebfb4b86b2e54606894da54f755db2d) Importer(815301076,1909f56bfc062723c751e8b465ee728b)  -> (artifact id: '55b19f7ff9f964207b7042a37e94ec2f') in 0.057464 seconds 
  Import took 0.066199 seconds .

========================================================================
Received Import Request.
  Time since last request: 0.029036 seconds.
  path: Assets/Samples/Google Cardboard XR Plugin for Unity/1.9.0/Hello Cardboard/Models/Materials/TriSpherePink.mat
  artifactKey: Guid(98e1ed660e0a3453494d31d659d7388c) Importer(815301076,1909f56bfc062723c751e8b465ee728b)
Start importing Assets/Samples/Google Cardboard XR Plugin for Unity/1.9.0/Hello Cardboard/Models/Materials/TriSpherePink.mat using Guid(98e1ed660e0a3453494d31d659d7388c) Importer(815301076,1909f56bfc062723c751e8b465ee728b)  -> (artifact id: '727bebd3a34d7a7583c5ac11e4b5aba2') in 0.078351 seconds 
  Import took 0.115437 seconds .

========================================================================
Received Import Request.
  Time since last request: 0.047986 seconds.
  path: Assets/Samples
  artifactKey: Guid(f38011bc65394064f889e6cd572a8f23) Importer(815301076,1909f56bfc062723c751e8b465ee728b)
Start importing Assets/Samples using Guid(f38011bc65394064f889e6cd572a8f23) Importer(815301076,1909f56bfc062723c751e8b465ee728b)  -> (artifact id: '5790a380011807eeb64aabda238c455b') in 0.034584 seconds 
  Import took 0.043531 seconds .

========================================================================
Received Import Request.
  Time since last request: 0.040782 seconds.
  path: Assets/XR/Settings/XR Settings.asset
  artifactKey: Guid(0f5e94f2c8a18924b80959a68fa49e68) Importer(815301076,1909f56bfc062723c751e8b465ee728b)
Start importing Assets/XR/Settings/XR Settings.asset using Guid(0f5e94f2c8a18924b80959a68fa49e68) Importer(815301076,1909f56bfc062723c751e8b465ee728b)  -> (artifact id: 'ed127d6d4653d7c7dbc120ab0b26dcb0') in 0.025727 seconds 
  Import took 0.060176 seconds .

========================================================================
Received Import Request.
  Time since last request: 0.060405 seconds.
  path: Assets/Samples/Google Cardboard XR Plugin for Unity/1.9.0/Hello Cardboard/Textures/QuadSphere_Blue_BakedDiffuse.png
  artifactKey: Guid(7070b26d96eaa49b49d850490d6af291) Importer(815301076,1909f56bfc062723c751e8b465ee728b)
Start importing Assets/Samples/Google Cardboard XR Plugin for Unity/1.9.0/Hello Cardboard/Textures/QuadSphere_Blue_BakedDiffuse.png using Guid(7070b26d96eaa49b49d850490d6af291) Importer(815301076,1909f56bfc062723c751e8b465ee728b)  -> (artifact id: 'f3713b78dfa3336ee389ac48f1656e5c') in 0.079016 seconds 
  Import took 0.100126 seconds .

========================================================================
Received Import Request.
  Time since last request: 0.042376 seconds.
  path: Assets/Samples/Google Cardboard XR Plugin for Unity/1.9.0/Hello Cardboard/Scripts/VrModeController.cs
  artifactKey: Guid(f478d43f27e324b7199d5dccff4298b7) Importer(815301076,1909f56bfc062723c751e8b465ee728b)
Start importing Assets/Samples/Google Cardboard XR Plugin for Unity/1.9.0/Hello Cardboard/Scripts/VrModeController.cs using Guid(f478d43f27e324b7199d5dccff4298b7) Importer(815301076,1909f56bfc062723c751e8b465ee728b)  -> (artifact id: '6a78f6c08702b7341f973dfa9d877105') in 0.024325 seconds 
  Import took 0.052514 seconds .

========================================================================
Received Import Request.
  Time since last request: 0.022957 seconds.
  path: Assets/Samples/Google Cardboard XR Plugin for Unity/1.9.0/Hello Cardboard/Models/Materials/QuadSpherePink.mat
  artifactKey: Guid(4cc7d26a25d984c5b876a1faafcf6235) Importer(815301076,1909f56bfc062723c751e8b465ee728b)
Start importing Assets/Samples/Google Cardboard XR Plugin for Unity/1.9.0/Hello Cardboard/Models/Materials/QuadSpherePink.mat using Guid(4cc7d26a25d984c5b876a1faafcf6235) Importer(815301076,1909f56bfc062723c751e8b465ee728b)  -> (artifact id: '80254fc294d6c5a3b4d74bdc08ce8df7') in 0.070848 seconds 
  Import took 0.079259 seconds .

========================================================================
Received Import Request.
  Time since last request: 0.070408 seconds.
  path: Assets/XR/Loaders/XR Loader.asset
  artifactKey: Guid(f56e89c4489594847b64ccc29438c92a) Importer(815301076,1909f56bfc062723c751e8b465ee728b)
Start importing Assets/XR/Loaders/XR Loader.asset using Guid(f56e89c4489594847b64ccc29438c92a) Importer(815301076,1909f56bfc062723c751e8b465ee728b)  -> (artifact id: '84c4763449b2e7b083dea47c491b3acd') in 0.050190 seconds 
  Import took 0.063036 seconds .

========================================================================
Received Import Request.
  Time since last request: 0.150898 seconds.
  path: Assets/Samples/Google Cardboard XR Plugin for Unity/1.9.0/Hello Cardboard/Textures/TriSphere_Pink_BakedDiffuse.png
  artifactKey: Guid(d8ab1240b87c44144a6a89c3123c7654) Importer(815301076,1909f56bfc062723c751e8b465ee728b)
Start importing Assets/Samples/Google Cardboard XR Plugin for Unity/1.9.0/Hello Cardboard/Textures/TriSphere_Pink_BakedDiffuse.png using Guid(d8ab1240b87c44144a6a89c3123c7654) Importer(815301076,1909f56bfc062723c751e8b465ee728b)  -> (artifact id: '4da07d1b738625eb0d93e8da369600cc') in 0.057302 seconds 
  Import took 0.089674 seconds .

========================================================================
Received Import Request.
  Time since last request: 0.035227 seconds.
  path: Assets/Scenes
  artifactKey: Guid(28f7229faa8e7634198ac147827a1349) Importer(815301076,1909f56bfc062723c751e8b465ee728b)
Start importing Assets/Scenes using Guid(28f7229faa8e7634198ac147827a1349) Importer(815301076,1909f56bfc062723c751e8b465ee728b)  -> (artifact id: '4c9414d46d3810bb5365e5930a8bbb0e') in 0.021527 seconds 
  Import took 0.032440 seconds .

========================================================================
Received Import Request.
  Time since last request: 0.053845 seconds.
  path: Assets/Samples/Google Cardboard XR Plugin for Unity/1.9.0/Hello Cardboard/Textures/Icosahedron_Blue_BakedDiffuse.png
  artifactKey: Guid(20df56dbf584b430da1c71ced37866f6) Importer(815301076,1909f56bfc062723c751e8b465ee728b)
Start importing Assets/Samples/Google Cardboard XR Plugin for Unity/1.9.0/Hello Cardboard/Textures/Icosahedron_Blue_BakedDiffuse.png using Guid(20df56dbf584b430da1c71ced37866f6) Importer(815301076,1909f56bfc062723c751e8b465ee728b)  -> (artifact id: '7e7804e442d045c6eadd3d63e6af2339') in 0.055873 seconds 
  Import took 0.085734 seconds .

========================================================================
Received Import Request.
  Time since last request: 0.059570 seconds.
  path: Assets/Samples/Google Cardboard XR Plugin for Unity/1.9.0/Hello Cardboard/Environments/Materials
  artifactKey: Guid(35ef9188aca884a8186003557201be44) Importer(815301076,1909f56bfc062723c751e8b465ee728b)
Start importing Assets/Samples/Google Cardboard XR Plugin for Unity/1.9.0/Hello Cardboard/Environments/Materials using Guid(35ef9188aca884a8186003557201be44) Importer(815301076,1909f56bfc062723c751e8b465ee728b)  -> (artifact id: '2348bb405ef4dea55e5a42b3b55a7f48') in 0.021856 seconds 
  Import took 0.060089 seconds .

========================================================================
Received Import Request.
  Time since last request: 0.017854 seconds.
  path: Assets/Samples/Google Cardboard XR Plugin for Unity/1.9.0/Hello Cardboard/Models
  artifactKey: Guid(af4d2b635db24449d93f9d8647261c2e) Importer(815301076,1909f56bfc062723c751e8b465ee728b)
Start importing Assets/Samples/Google Cardboard XR Plugin for Unity/1.9.0/Hello Cardboard/Models using Guid(af4d2b635db24449d93f9d8647261c2e) Importer(815301076,1909f56bfc062723c751e8b465ee728b)  -> (artifact id: 'f9e0ab256e6db4d3e08f32cc4b7ce6d0') in 0.031081 seconds 
  Import took 0.066745 seconds .

========================================================================
Received Import Request.
  Time since last request: 0.069913 seconds.
  path: Assets/Samples/Google Cardboard XR Plugin for Unity/1.9.0/Hello Cardboard/Models/Icosahedron.obj
  artifactKey: Guid(ae120d8251d1948cc9349cf3ff881336) Importer(815301076,1909f56bfc062723c751e8b465ee728b)
Start importing Assets/Samples/Google Cardboard XR Plugin for Unity/1.9.0/Hello Cardboard/Models/Icosahedron.obj using Guid(ae120d8251d1948cc9349cf3ff881336) Importer(815301076,1909f56bfc062723c751e8b465ee728b)  -> (artifact id: '36ef54d227e57583473cd8fa0d187ede') in 0.113499 seconds 
  Import took 0.124932 seconds .

========================================================================
Received Import Request.
  Time since last request: 0.043554 seconds.
  path: Assets/Plugins
  artifactKey: Guid(a2284677efeff8a498f6924d1d9b4295) Importer(815301076,1909f56bfc062723c751e8b465ee728b)
Start importing Assets/Plugins using Guid(a2284677efeff8a498f6924d1d9b4295) Importer(815301076,1909f56bfc062723c751e8b465ee728b)  -> (artifact id: '87bf7eb48cb1e87262a7975ea74854fc') in 0.053900 seconds 
  Import took 0.082366 seconds .

========================================================================
Received Import Request.
  Time since last request: 0.076345 seconds.
  path: Assets/Samples/Google Cardboard XR Plugin for Unity/1.9.0/Hello Cardboard/Environments/CubeRoom.prefab
  artifactKey: Guid(c43602d5712fe4fd4bf33173bb6b8e26) Importer(815301076,1909f56bfc062723c751e8b465ee728b)
Start importing Assets/Samples/Google Cardboard XR Plugin for Unity/1.9.0/Hello Cardboard/Environments/CubeRoom.prefab using Guid(c43602d5712fe4fd4bf33173bb6b8e26) Importer(815301076,1909f56bfc062723c751e8b465ee728b)  -> (artifact id: 'ba0b42abf6c140f5706ae41559cc9980') in 0.328817 seconds 
  Import took 0.341962 seconds .

========================================================================
Received Import Request.
  Time since last request: 0.184138 seconds.
  path: Assets/XR/XRGeneralSettings.asset
  artifactKey: Guid(1fdc086071787c6458b17c007e356f4e) Importer(815301076,1909f56bfc062723c751e8b465ee728b)
Start importing Assets/XR/XRGeneralSettings.asset using Guid(1fdc086071787c6458b17c007e356f4e) Importer(815301076,1909f56bfc062723c751e8b465ee728b)  -> (artifact id: '6e93c1710087e7a58dce9925bc6692a3') in 0.106031 seconds 
  Import took 0.181117 seconds .

========================================================================
Received Import Request.
  Time since last request: 0.039191 seconds.
  path: Assets/Samples/Google Cardboard XR Plugin for Unity/1.9.0/Hello Cardboard/Environments/Materials/CubeRoomEnvMat.mat
  artifactKey: Guid(689ba0fd6695140c38f76e6217599f37) Importer(815301076,1909f56bfc062723c751e8b465ee728b)
Start importing Assets/Samples/Google Cardboard XR Plugin for Unity/1.9.0/Hello Cardboard/Environments/Materials/CubeRoomEnvMat.mat using Guid(689ba0fd6695140c38f76e6217599f37) Importer(815301076,1909f56bfc062723c751e8b465ee728b)  -> (artifact id: '8ec402b31540f08da1329737e2c730bc') in 0.108313 seconds 
  Import took 0.135922 seconds .

========================================================================
Received Import Request.
  Time since last request: 0.018672 seconds.
  path: Assets/XR/Loaders
  artifactKey: Guid(fe62937f6d49b244d9fac4749775670a) Importer(815301076,1909f56bfc062723c751e8b465ee728b)
Start importing Assets/XR/Loaders using Guid(fe62937f6d49b244d9fac4749775670a) Importer(815301076,1909f56bfc062723c751e8b465ee728b)  -> (artifact id: '18dd97f2e92a306e69e6ba97a68cdb5f') in 0.037482 seconds 
  Import took 0.065928 seconds .

========================================================================
Received Import Request.
  Time since last request: 0.075930 seconds.
  path: Assets/Samples/Google Cardboard XR Plugin for Unity/1.9.0/Hello Cardboard/Environments/CubeRoom.obj
  artifactKey: Guid(0b3edbbeccaa9429dafe86abead2eade) Importer(815301076,1909f56bfc062723c751e8b465ee728b)
Start importing Assets/Samples/Google Cardboard XR Plugin for Unity/1.9.0/Hello Cardboard/Environments/CubeRoom.obj using Guid(0b3edbbeccaa9429dafe86abead2eade) Importer(815301076,1909f56bfc062723c751e8b465ee728b)  -> (artifact id: 'b018ed50f5de8e44958d4400587f8f72') in 0.118089 seconds 
  Import took 0.153522 seconds .

========================================================================
Received Import Request.
  Time since last request: 0.075125 seconds.
  path: Assets/Samples/Google Cardboard XR Plugin for Unity/1.9.0/Hello Cardboard/Models/TriSphere.obj
  artifactKey: Guid(1712e013c7c2d4169b7e9bfb5a2d8c84) Importer(815301076,1909f56bfc062723c751e8b465ee728b)
Start importing Assets/Samples/Google Cardboard XR Plugin for Unity/1.9.0/Hello Cardboard/Models/TriSphere.obj using Guid(1712e013c7c2d4169b7e9bfb5a2d8c84) Importer(815301076,1909f56bfc062723c751e8b465ee728b)  -> (artifact id: '0cdada9395b02a35fb980ba994d4826d') in 0.145865 seconds 
  Import took 0.169442 seconds .

========================================================================
Received Import Request.
  Time since last request: 0.041313 seconds.
  path: Assets/Plugins/Android/gradleTemplate.properties
  artifactKey: Guid(4e00b429c43bca34aa72876bed60ce98) Importer(815301076,1909f56bfc062723c751e8b465ee728b)
Start importing Assets/Plugins/Android/gradleTemplate.properties using Guid(4e00b429c43bca34aa72876bed60ce98) Importer(815301076,1909f56bfc062723c751e8b465ee728b)  -> (artifact id: '84b5599188657034b8667ff6b35a9b09') in 0.065084 seconds 
  Import took 0.073377 seconds .

========================================================================
Received Import Request.
  Time since last request: 0.077702 seconds.
  path: Assets/Samples/Google Cardboard XR Plugin for Unity/1.9.0/Hello Cardboard/Scripts/ObjectController.cs
  artifactKey: Guid(fb0fad8e3b2754aaeb18724ea18d2a3e) Importer(815301076,1909f56bfc062723c751e8b465ee728b)
Start importing Assets/Samples/Google Cardboard XR Plugin for Unity/1.9.0/Hello Cardboard/Scripts/ObjectController.cs using Guid(fb0fad8e3b2754aaeb18724ea18d2a3e) Importer(815301076,1909f56bfc062723c751e8b465ee728b)  -> (artifact id: 'f6647821c4d27c30580390604c506783') in 0.024909 seconds 
  Import took 0.180460 seconds .

========================================================================
Received Import Request.
  Time since last request: 0.013680 seconds.
  path: Assets/Samples/Google Cardboard XR Plugin for Unity/1.9.0/Hello Cardboard/Environments
  artifactKey: Guid(5ef0e8bf68bf74d4da3cee3da9b1d2e9) Importer(815301076,1909f56bfc062723c751e8b465ee728b)
Start importing Assets/Samples/Google Cardboard XR Plugin for Unity/1.9.0/Hello Cardboard/Environments using Guid(5ef0e8bf68bf74d4da3cee3da9b1d2e9) Importer(815301076,1909f56bfc062723c751e8b465ee728b)  -> (artifact id: '71bc9c58d8483eaf0e8214bb38182778') in 0.036742 seconds 
  Import took 0.044942 seconds .

========================================================================
Received Import Request.
  Time since last request: 0.077822 seconds.
  path: Assets/Samples/Google Cardboard XR Plugin for Unity/1.9.0/Hello Cardboard/Textures/TriSphere_Blue_BakedDiffuse.png
  artifactKey: Guid(ce4a1a00714294255b95526bab0d31b7) Importer(815301076,1909f56bfc062723c751e8b465ee728b)
Start importing Assets/Samples/Google Cardboard XR Plugin for Unity/1.9.0/Hello Cardboard/Textures/TriSphere_Blue_BakedDiffuse.png using Guid(ce4a1a00714294255b95526bab0d31b7) Importer(815301076,1909f56bfc062723c751e8b465ee728b)  -> (artifact id: 'aafbd34fe523cd2a7598f153774fb4d4') in 0.050653 seconds 
  Import took 0.058369 seconds .

========================================================================
Received Import Request.
  Time since last request: 0.019012 seconds.
  path: Assets/Plugins/Android
  artifactKey: Guid(f22122cd9f7e397458a2415c289268e2) Importer(815301076,1909f56bfc062723c751e8b465ee728b)
Start importing Assets/Plugins/Android using Guid(f22122cd9f7e397458a2415c289268e2) Importer(815301076,1909f56bfc062723c751e8b465ee728b)  -> (artifact id: '87d7533b6a10cf05be89179eb506393d') in 0.067634 seconds 
  Import took 0.075639 seconds .

========================================================================
Received Import Request.
  Time since last request: 0.146215 seconds.
  path: Assets/Plugins/Android/mainTemplate.gradle
  artifactKey: Guid(4f8b5b590ea41df4ab77e98bfdbf4016) Importer(815301076,1909f56bfc062723c751e8b465ee728b)
Start importing Assets/Plugins/Android/mainTemplate.gradle using Guid(4f8b5b590ea41df4ab77e98bfdbf4016) Importer(815301076,1909f56bfc062723c751e8b465ee728b)  -> (artifact id: '69160932558722428920e2f89ef7595b') in 0.031994 seconds 
  Import took 0.060114 seconds .

========================================================================
Received Prepare
Registering precompiled user dll's ...
Registered in 0.023890 seconds.
Begin MonoManager ReloadAssembly
Native extension for WindowsStandalone target not found
Native extension for WebGL target not found
Refreshing native plugins compatible for Editor in 1.59 ms, found 2 plugins.
Preloading 0 native plugins for Editor in 0.00 ms.
Mono: successfully reloaded assembly
- Completed reload, in  4.415 seconds
Domain Reload Profiling:
	ReloadAssembly (4416ms)
		BeginReloadAssembly (379ms)
			ExecutionOrderSort (0ms)
			DisableScriptedObjects (15ms)
			BackupInstance (0ms)
			ReleaseScriptingObjects (0ms)
			CreateAndSetChildDomain (117ms)
		EndReloadAssembly (3774ms)
			LoadAssemblies (337ms)
			RebuildTransferFunctionScriptingTraits (0ms)
			SetupTypeCache (1273ms)
			ReleaseScriptCaches (2ms)
			RebuildScriptCaches (176ms)
			SetupLoadedEditorAssemblies (1245ms)
				LogAssemblyErrors (0ms)
				InitializePlatformSupportModulesInManaged (29ms)
				SetLoadedEditorAssemblies (5ms)
				RefreshPlugins (2ms)
				BeforeProcessingInitializeOnLoad (316ms)
				ProcessInitializeOnLoadAttributes (834ms)
				ProcessInitializeOnLoadMethodAttributes (32ms)
				AfterProcessingInitializeOnLoad (27ms)
				EditorAssembliesLoaded (1ms)
			ExecutionOrderSort2 (0ms)
			AwakeInstancesAfterBackupRestoration (28ms)
Platform modules already initialized, skipping
Switching build target platform(19) subTarget(0) extendedPlatform(0) -> platform(13) subTarget(589824) extendedPlatform(0)
Refreshing native plugins compatible for Editor in 1.18 ms, found 2 plugins.
Preloading 0 native plugins for Editor in 0.00 ms.
Unloading 1571 Unused Serialized files (Serialized files now loaded: 0)
System memory in use before: 74.3 MB.
System memory in use after: 74.4 MB.

Unloading 15 unused Assets to reduce memory usage. Loaded Objects now: 2058.
Total: 11.512500 ms (FindLiveObjects: 0.573700 ms CreateObjectMapping: 0.125100 ms MarkObjects: 10.747100 ms  DeleteObjects: 0.062600 ms)

AssetImportParameters requested are different than current active one (requested -> active):
  custom:framework-win-MediaFoundation: 216162199b28c13a410421893ffa2e32 -> 
  custom:video-decoder-ogg-theora: a1e56fd34408186e4bbccfd4996cb3dc -> 
  custom:container-muxer-webm: aa71ff27fc2769a1b78a27578f13a17b -> 
  custom:container-demuxer-webm: 4f35f7cbe854078d1ac9338744f61a02 -> 
  custom:container-demuxer-ogg: 62fdf1f143b41e24485cea50d1cbac27 -> 
  custom:video-encoder-webm-vp8: eb34c28f22e8b96e1ab97ce403110664 -> 
  custom:video-decoder-webm-vp8: 9c59270c3fd7afecdb556c50c9e8de78 -> 
  custom:graphics/normal-map-encoding: 01000000000000000000000000000000 -> 02000000000000000000000000000000
  custom:audio-decoder-ogg-vorbis: bf7c407c2cedff20999df2af8eb42d56 -> 
  custom:audio-encoder-webm-vorbis: bf7c407c2cedff20999df2af8eb42d56 -> 
AssetImportWorkerClient::OnTransportError - code=2 error=End of file
